Evaluating VERIFY001
Evaluating VERIFY001
Evaluating 1234
Evaluating 1234
Evaluating VERIFY001
Evaluating 1234
Evaluating 1234
Evaluating VERIFY001
Evaluating 234
Evaluating 99999
Evaluating 117
Evaluating 12145
Evaluating 12145
Evaluating 12145
Evaluating 117
Evaluating 2345
Evaluating 12145
Evaluating 2345
Evaluating 2345
Evaluating 2345
Evaluating 2345
Evaluating 2345
Evaluating 2345
Evaluating 1234
Evaluating 1234
Evaluating 1234
Evaluating 1234
Report type: <class 'dict'>
Report content: {'total_awarded': 54.5, 'total_max': 80.0, 'percentage': 68.12, 'by_question': {'1': {'policy': {'missing_subpart_policy': 'zero', 'extra_attempt_policy': 'none', 'weight_semantic': 0.8, 'weight_keyword': 0.2, 'attempt_required': 'all'}, 'subparts': {'i': {'semantic_score': 0.8946, 'keyword_score': 0.4667, 'score': 0.809, 'marks': 1.5}, 'ii': {'semantic_score': 0.5744, 'keyword_score': 0.0, 'score': 0.4595, 'marks': 0.0}, 'iii': {'semantic_score': 0.8996, 'keyword_score': 0.6667, 'score': 0.853, 'marks': 1.75}, 'iv': {'semantic_score': 0.8062, 'keyword_score': 0.3333, 'score': 0.7116, 'marks': 1.5}, 'v': {'semantic_score': 0.6165, 'keyword_score': 0.0, 'score': 0.4932, 'marks': 1.0}, 'vi': {'semantic_score': 0.0, 'keyword_score': 0.0, 'score': 0.0, 'marks': 0.0}, 'vii': {'semantic_score': 0.8978, 'keyword_score': 0.375, 'score': 0.7932, 'marks': 0.75}, 'viii': {'semantic_score': 0.6077, 'keyword_score': 0.2857, 'score': 0.5433, 'marks': 0.5}}, 'total_marks': 10.0, 'final_score': 7.0, '...
Evaluating 1234
Evaluating 1234
Evaluating 1234
Evaluating 1234
Evaluating 2345
Evaluating 12345
Evaluating 12345
Report type: <class 'dict'>
Report content: {'total_awarded': 43.0, 'total_max': 80.0, 'percentage': 53.75, 'by_question': {'1': {'policy': {'missing_subpart_policy': 'zero', 'extra_attempt_policy': 'none', 'weight_semantic': 0.8, 'weight_keyword': 0.2, 'attempt_required': 'all'}, 'subparts': {'(i)': {'semantic_score': 0.9043, 'keyword_score': 0.5333, 'score': 0.8301, 'marks': 0.75}, '(ii)': {'semantic_score': 0.5744, 'keyword_score': 0.0, 'score': 0.4595, 'marks': 0.0}, '(iii)': {'semantic_score': 0.9047, 'keyword_score': 0.8, 'score': 0.8838, 'marks': 1.75}, '(iv)': {'semantic_score': 0.8946, 'keyword_score': 0.3333, 'score': 0.7823, 'marks': 1.5}, '(v)': {'semantic_score': 0.6165, 'keyword_score': 0.0, 'score': 0.4932, 'marks': 1.0}, '(vi)': {'semantic_score': 0.0, 'keyword_score': 0.0, 'score': 0.0, 'marks': 0.0}, '(vii)': {'semantic_score': 0.8978, 'keyword_score': 0.375, 'score': 0.7932, 'marks': 0.75}, '(viii)': {'semantic_score': 0.6077, 'keyword_score': 0.2857, 'score': 0.5433, 'marks': 0.5}}, 'total_marks': 10.0, 'fina...
Evaluating 2345
Evaluating 23155
Evaluating 23155
Evaluating 23155
Evaluating 23155
Report type: <class 'dict'>
Report content: {'total_awarded': 49.5, 'total_max': 80.0, 'percentage': 61.88, 'by_question': {'1': {'policy': {'missing_subpart_policy': 'zero', 'extra_attempt_policy': 'none', 'weight_semantic': 0.8, 'weight_keyword': 0.2, 'attempt_required': 'all'}, 'subparts': {'(i)': {'semantic_score': 0.0, 'keyword_score': 0.0, 'score': 0.0, 'marks': 0.0}, '(ii)': {'semantic_score': 0.5744, 'keyword_score': 0.0, 'score': 0.4595, 'marks': 0.0}, '(iii)': {'semantic_score': 0.8917, 'keyword_score': 0.6667, 'score': 0.8467, 'marks': 1.75}, '(iv)': {'semantic_score': 0.8865, 'keyword_score': 0.3333, 'score': 0.7759, 'marks': 1.5}, '(v)': {'semantic_score': 0.6165, 'keyword_score': 0.0, 'score': 0.4932, 'marks': 1.0}, '(vi)': {'semantic_score': 0.0, 'keyword_score': 0.0, 'score': 0.0, 'marks': 0.0}, '(vii)': {'semantic_score': 0.8978, 'keyword_score': 0.375, 'score': 0.7932, 'marks': 0.75}, '(viii)': {'semantic_score': 0.6077, 'keyword_score': 0.2857, 'score': 0.5433, 'marks': 0.5}}, 'total_marks': 10.0, 'final_score...
Evaluating 12145
Evaluating 12145
Evaluating 12145
Evaluating 12145
Evaluating 12145
Evaluating 12145
Evaluating 12145
Evaluating 12145
Evaluating 12145
Evaluating 12145
Report type: <class 'dict'>
Report content: {'total_awarded': 46.25, 'total_max': 80.0, 'percentage': 57.81, 'by_question': {'1': {'policy': {'missing_subpart_policy': 'zero', 'extra_attempt_policy': 'none', 'weight_semantic': 0.8, 'weight_keyword': 0.2, 'attempt_required': 'all'}, 'subparts': {'i': {'semantic_score': 0.8946, 'keyword_score': 0.6, 'score': 0.8357, 'marks': 0.75}, 'ii': {'semantic_score': 0.5761, 'keyword_score': 0.0, 'score': 0.4609, 'marks': 0.5}, 'iii': {'semantic_score': 0.9379, 'keyword_score': 0.8, 'score': 0.9103, 'marks': 1.75}, 'iv': {'semantic_score': 0.8768, 'keyword_score': 0.3333, 'score': 0.7681, 'marks': 1.5}, 'v': {'semantic_score': 0.5682, 'keyword_score': 0.0, 'score': 0.4546, 'marks': 0.5}, 'vi': {'semantic_score': 0.59, 'keyword_score': 0.0, 'score': 0.472, 'marks': 0.5}, 'vii': {'semantic_score': 0.8978, 'keyword_score': 0.375, 'score': 0.7932, 'marks': 0.75}, 'viii': {'semantic_score': 0.8272, 'keyword_score': 0.4286, 'score': 0.7475, 'marks': 0.75}}, 'total_marks': 10.0, 'final_score': 7.0,...
Evaluating 12145
Report type: <class 'dict'>
Report content: {'total_awarded': 53.5, 'total_max': 81.0, 'percentage': 66.05, 'by_question': {'1': {'policy': {'missing_subpart_policy': 'zero', 'extra_attempt_policy': 'none', 'weight_semantic': 0.8, 'weight_keyword': 0.2, 'attempt_required': 'all'}, 'subparts': {'(i)': {'semantic_score': 0.9238, 'keyword_score': 0.8, 'score': 0.899, 'marks': 1.0}, '(ii)': {'semantic_score': 0.5744, 'keyword_score': 0.0, 'score': 0.4595, 'marks': 0.0}, '(iii)': {'semantic_score': 0.913, 'keyword_score': 0.8, 'score': 0.8904, 'marks': 1.75}, '(iv)': {'semantic_score': 0.8589, 'keyword_score': 0.2667, 'score': 0.7405, 'marks': 1.5}, '(v)': {'semantic_score': 0.6165, 'keyword_score': 0.0, 'score': 0.4932, 'marks': 1.0}, '(vi)': {'semantic_score': 0.0, 'keyword_score': 0.0, 'score': 0.0, 'marks': 0.0}, '(vii)': {'semantic_score': 0.8978, 'keyword_score': 0.375, 'score': 0.7932, 'marks': 0.75}, '(viii)': {'semantic_score': 0.6077, 'keyword_score': 0.2857, 'score': 0.5433, 'marks': 0.5}}, 'total_marks': 10.0, 'final_scor...
